<?xml version="1.0" encoding="UTF-8"?>
<!-- Generated by org.testng.reporters.JUnitReportReporter -->
<testsuite hostname="WindowsPC" name="com.catalog.tests.LoginTests" tests="2" failures="0" timestamp="13 May 2016 02:58:05 GMT" time="23.919" errors="0">
  <testcase name="login01" time="10.988" classname="com.catalog.tests.LoginTests"/>
  <testcase name="login02" time="12.931" classname="com.catalog.tests.LoginTests"/>
</testsuite> <!-- com.catalog.tests.LoginTests -->
